<?xml version="1.0" encoding="UTF-8"?>
<testsuite xmlns:xsi="http://www.w3.org/2001/XMLSchema-instance" xsi:noNamespaceSchemaLocation="https://maven.apache.org/surefire/maven-surefire-plugin/xsd/surefire-test-report.xsd" name="ada.AdaServer_Test" time="1.468" tests="4" errors="0" skipped="0" failures="0">
  <properties>
    <property name="sun.desktop" value="windows"/>
    <property name="awt.toolkit" value="sun.awt.windows.WToolkit"/>
    <property name="file.encoding.pkg" value="sun.io"/>
    <property name="java.specification.version" value="1.8"/>
    <property name="sun.cpu.isalist" value="amd64"/>
    <property name="sun.jnu.encoding" value="Cp1252"/>
    <property name="java.class.path" value="C:\Users\riva\Documents\git\ada\target\test-classes;C:\Users\riva\Documents\git\ada\target\classes;C:\Users\riva\.m2\repository\org\apache\maven\plugins\maven-jxr-plugin\3.0.0\maven-jxr-plugin-3.0.0.jar;C:\Users\riva\.m2\repository\org\apache\maven\maven-jxr\3.0.0\maven-jxr-3.0.0.jar;C:\Users\riva\.m2\repository\org\apache\velocity\velocity\1.5\velocity-1.5.jar;C:\Users\riva\.m2\repository\oro\oro\2.0.8\oro-2.0.8.jar;C:\Users\riva\.m2\repository\commons-lang\commons-lang\2.6\commons-lang-2.6.jar;C:\Users\riva\.m2\repository\org\apache\maven\maven-plugin-api\3.0\maven-plugin-api-3.0.jar;C:\Users\riva\.m2\repository\org\sonatype\sisu\sisu-inject-plexus\1.4.2\sisu-inject-plexus-1.4.2.jar;C:\Users\riva\.m2\repository\org\sonatype\sisu\sisu-inject-bean\1.4.2\sisu-inject-bean-1.4.2.jar;C:\Users\riva\.m2\repository\org\sonatype\sisu\sisu-guice\2.1.7\sisu-guice-2.1.7-noaop.jar;C:\Users\riva\.m2\repository\org\apache\maven\maven-artifact\3.0\maven-artifact-3.0.jar;C:\Users\riva\.m2\repository\org\apache\maven\maven-core\3.0\maven-core-3.0.jar;C:\Users\riva\.m2\repository\org\apache\maven\maven-settings\3.0\maven-settings-3.0.jar;C:\Users\riva\.m2\repository\org\apache\maven\maven-settings-builder\3.0\maven-settings-builder-3.0.jar;C:\Users\riva\.m2\repository\org\apache\maven\maven-repository-metadata\3.0\maven-repository-metadata-3.0.jar;C:\Users\riva\.m2\repository\org\apache\maven\maven-model-builder\3.0\maven-model-builder-3.0.jar;C:\Users\riva\.m2\repository\org\apache\maven\maven-aether-provider\3.0\maven-aether-provider-3.0.jar;C:\Users\riva\.m2\repository\org\sonatype\aether\aether-impl\1.7\aether-impl-1.7.jar;C:\Users\riva\.m2\repository\org\sonatype\aether\aether-spi\1.7\aether-spi-1.7.jar;C:\Users\riva\.m2\repository\org\sonatype\aether\aether-api\1.7\aether-api-1.7.jar;C:\Users\riva\.m2\repository\org\sonatype\aether\aether-util\1.7\aether-util-1.7.jar;C:\Users\riva\.m2\repository\org\codehaus\plexus\plexus-interpolation\1.14\plexus-interpolation-1.14.jar;C:\Users\riva\.m2\repository\org\codehaus\plexus\plexus-classworlds\2.2.3\plexus-classworlds-2.2.3.jar;C:\Users\riva\.m2\repository\org\codehaus\plexus\plexus-component-annotations\1.5.5\plexus-component-annotations-1.5.5.jar;C:\Users\riva\.m2\repository\org\sonatype\plexus\plexus-sec-dispatcher\1.3\plexus-sec-dispatcher-1.3.jar;C:\Users\riva\.m2\repository\org\sonatype\plexus\plexus-cipher\1.4\plexus-cipher-1.4.jar;C:\Users\riva\.m2\repository\org\apache\maven\maven-model\3.0\maven-model-3.0.jar;C:\Users\riva\.m2\repository\org\apache\maven\reporting\maven-reporting-impl\3.0.0\maven-reporting-impl-3.0.0.jar;C:\Users\riva\.m2\repository\org\apache\maven\reporting\maven-reporting-api\3.0\maven-reporting-api-3.0.jar;C:\Users\riva\.m2\repository\org\apache\maven\shared\maven-shared-utils\3.2.0\maven-shared-utils-3.2.0.jar;C:\Users\riva\.m2\repository\org\apache\maven\doxia\doxia-sink-api\1.7\doxia-sink-api-1.7.jar;C:\Users\riva\.m2\repository\org\apache\maven\doxia\doxia-decoration-model\1.7.4\doxia-decoration-model-1.7.4.jar;C:\Users\riva\.m2\repository\org\apache\maven\doxia\doxia-core\1.7\doxia-core-1.7.jar;C:\Users\riva\.m2\repository\xmlunit\xmlunit\1.5\xmlunit-1.5.jar;C:\Users\riva\.m2\repository\org\apache\maven\wagon\wagon-provider-api\1.0\wagon-provider-api-1.0.jar;C:\Users\riva\.m2\repository\org\apache\maven\doxia\doxia-site-renderer\1.8\doxia-site-renderer-1.8.jar;C:\Users\riva\.m2\repository\org\apache\maven\doxia\doxia-logging-api\1.8\doxia-logging-api-1.8.jar;C:\Users\riva\.m2\repository\org\apache\maven\doxia\doxia-skin-model\1.8\doxia-skin-model-1.8.jar;C:\Users\riva\.m2\repository\org\apache\maven\doxia\doxia-module-xhtml\1.8\doxia-module-xhtml-1.8.jar;C:\Users\riva\.m2\repository\org\codehaus\plexus\plexus-i18n\1.0-beta-7\plexus-i18n-1.0-beta-7.jar;C:\Users\riva\.m2\repository\org\codehaus\plexus\plexus-container-default\1.0-alpha-30\plexus-container-default-1.0-alpha-30.jar;C:\Users\riva\.m2\repository\org\codehaus\plexus\plexus-velocity\1.2\plexus-velocity-1.2.jar;C:\Users\riva\.m2\repository\org\apache\velocity\velocity-tools\2.0\velocity-tools-2.0.jar;C:\Users\riva\.m2\repository\commons-beanutils\commons-beanutils\1.7.0\commons-beanutils-1.7.0.jar;C:\Users\riva\.m2\repository\commons-digester\commons-digester\1.8\commons-digester-1.8.jar;C:\Users\riva\.m2\repository\commons-chain\commons-chain\1.1\commons-chain-1.1.jar;C:\Users\riva\.m2\repository\commons-validator\commons-validator\1.3.1\commons-validator-1.3.1.jar;C:\Users\riva\.m2\repository\dom4j\dom4j\1.1\dom4j-1.1.jar;C:\Users\riva\.m2\repository\sslext\sslext\1.2-0\sslext-1.2-0.jar;C:\Users\riva\.m2\repository\org\apache\struts\struts-core\1.3.8\struts-core-1.3.8.jar;C:\Users\riva\.m2\repository\antlr\antlr\2.7.2\antlr-2.7.2.jar;C:\Users\riva\.m2\repository\org\apache\struts\struts-taglib\1.3.8\struts-taglib-1.3.8.jar;C:\Users\riva\.m2\repository\org\apache\struts\struts-tiles\1.3.8\struts-tiles-1.3.8.jar;C:\Users\riva\.m2\repository\commons-collections\commons-collections\3.2.1\commons-collections-3.2.1.jar;C:\Users\riva\.m2\repository\org\apache\commons\commons-lang3\3.5\commons-lang3-3.5.jar;C:\Users\riva\.m2\repository\org\codehaus\plexus\plexus-java\0.9.8\plexus-java-0.9.8.jar;C:\Users\riva\.m2\repository\org\ow2\asm\asm\6.1.1\asm-6.1.1.jar;C:\Users\riva\.m2\repository\com\thoughtworks\qdox\qdox\2.0-M7\qdox-2.0-M7.jar;C:\Users\riva\.m2\repository\org\codehaus\plexus\plexus-utils\3.1.0\plexus-utils-3.1.0.jar;C:\Users\riva\.m2\repository\xml-apis\xml-apis\1.0.b2\xml-apis-1.0.b2.jar;C:\Users\riva\.m2\repository\xalan\xalan\2.7.0\xalan-2.7.0.jar;C:\Users\riva\.m2\repository\junit\junit\4.12\junit-4.12.jar;C:\Users\riva\.m2\repository\org\hamcrest\hamcrest-core\1.3\hamcrest-core-1.3.jar;C:\Users\riva\.m2\repository\org\powermock\powermock-api-mockito2\1.7.0\powermock-api-mockito2-1.7.0.jar;C:\Users\riva\.m2\repository\org\powermock\powermock-api-mockito-common\1.7.0\powermock-api-mockito-common-1.7.0.jar;C:\Users\riva\.m2\repository\org\powermock\powermock-api-support\1.7.0\powermock-api-support-1.7.0.jar;C:\Users\riva\.m2\repository\org\powermock\powermock-reflect\1.7.0\powermock-reflect-1.7.0.jar;C:\Users\riva\.m2\repository\org\powermock\powermock-core\1.7.0\powermock-core-1.7.0.jar;C:\Users\riva\.m2\repository\org\javassist\javassist\3.21.0-GA\javassist-3.21.0-GA.jar;C:\Users\riva\.m2\repository\org\mockito\mockito-core\2.8.9\mockito-core-2.8.9.jar;C:\Users\riva\.m2\repository\org\objenesis\objenesis\2.5\objenesis-2.5.jar;C:\Users\riva\.m2\repository\net\bytebuddy\byte-buddy\1.8.16\byte-buddy-1.8.16.jar;C:\Users\riva\.m2\repository\net\bytebuddy\byte-buddy-agent\1.8.16\byte-buddy-agent-1.8.16.jar;C:\Users\riva\.m2\repository\org\assertj\assertj-core\3.11.1\assertj-core-3.11.1.jar;C:\Users\riva\.m2\repository\commons-io\commons-io\2.6\commons-io-2.6.jar;C:\Users\riva\.m2\repository\com\google\auto\value\auto-value-annotations\1.6.2\auto-value-annotations-1.6.2.jar;C:\Users\riva\.m2\repository\com\google\auto\value\auto-value\1.6.2\auto-value-1.6.2.jar;C:\Users\riva\.m2\repository\org\hamcrest\hamcrest-library\1.3\hamcrest-library-1.3.jar;C:\Users\riva\.m2\repository\com\google\guava\guava\24.1-jre\guava-24.1-jre.jar;C:\Users\riva\.m2\repository\com\google\code\findbugs\jsr305\1.3.9\jsr305-1.3.9.jar;C:\Users\riva\.m2\repository\org\checkerframework\checker-compat-qual\2.0.0\checker-compat-qual-2.0.0.jar;C:\Users\riva\.m2\repository\com\google\errorprone\error_prone_annotations\2.1.3\error_prone_annotations-2.1.3.jar;C:\Users\riva\.m2\repository\com\google\j2objc\j2objc-annotations\1.1\j2objc-annotations-1.1.jar;C:\Users\riva\.m2\repository\org\codehaus\mojo\animal-sniffer-annotations\1.14\animal-sniffer-annotations-1.14.jar;C:\Users\riva\.m2\repository\org\threeten\threetenbp\1.3.6\threetenbp-1.3.6.jar;C:\Users\riva\.m2\repository\com\google\http-client\google-http-client\1.22.0\google-http-client-1.22.0.jar;C:\Users\riva\.m2\repository\org\apache\httpcomponents\httpclient\4.0.1\httpclient-4.0.1.jar;C:\Users\riva\.m2\repository\org\apache\httpcomponents\httpcore\4.0.1\httpcore-4.0.1.jar;C:\Users\riva\.m2\repository\commons-logging\commons-logging\1.1.1\commons-logging-1.1.1.jar;C:\Users\riva\.m2\repository\commons-codec\commons-codec\1.3\commons-codec-1.3.jar;C:\Users\riva\.m2\repository\com\google\cloud\google-cloud-texttospeech\0.56.0-beta\google-cloud-texttospeech-0.56.0-beta.jar;C:\Users\riva\.m2\repository\com\google\cloud\google-cloud-core\1.38.0\google-cloud-core-1.38.0.jar;C:\Users\riva\.m2\repository\joda-time\joda-time\2.9.2\joda-time-2.9.2.jar;C:\Users\riva\.m2\repository\com\google\api\api-common\1.6.0\api-common-1.6.0.jar;C:\Users\riva\.m2\repository\com\google\api\gax\1.29.0\gax-1.29.0.jar;C:\Users\riva\.m2\repository\com\google\auth\google-auth-library-oauth2-http\0.9.1\google-auth-library-oauth2-http-0.9.1.jar;C:\Users\riva\.m2\repository\com\google\http-client\google-http-client-jackson2\1.19.0\google-http-client-jackson2-1.19.0.jar;C:\Users\riva\.m2\repository\com\fasterxml\jackson\core\jackson-core\2.1.3\jackson-core-2.1.3.jar;C:\Users\riva\.m2\repository\com\google\protobuf\protobuf-java-util\3.6.0\protobuf-java-util-3.6.0.jar;C:\Users\riva\.m2\repository\com\google\code\gson\gson\2.7\gson-2.7.jar;C:\Users\riva\.m2\repository\com\google\api\grpc\proto-google-common-protos\1.12.0\proto-google-common-protos-1.12.0.jar;C:\Users\riva\.m2\repository\com\google\api\grpc\proto-google-iam-v1\0.12.0\proto-google-iam-v1-0.12.0.jar;C:\Users\riva\.m2\repository\com\google\cloud\google-cloud-core-grpc\1.38.0\google-cloud-core-grpc-1.38.0.jar;C:\Users\riva\.m2\repository\com\google\auth\google-auth-library-credentials\0.10.0\google-auth-library-credentials-0.10.0.jar;C:\Users\riva\.m2\repository\com\google\protobuf\protobuf-java\3.6.0\protobuf-java-3.6.0.jar;C:\Users\riva\.m2\repository\io\grpc\grpc-protobuf\1.13.1\grpc-protobuf-1.13.1.jar;C:\Users\riva\.m2\repository\io\grpc\grpc-protobuf-lite\1.13.1\grpc-protobuf-lite-1.13.1.jar;C:\Users\riva\.m2\repository\io\grpc\grpc-context\1.13.1\grpc-context-1.13.1.jar;C:\Users\riva\.m2\repository\com\google\api\gax-grpc\1.29.0\gax-grpc-1.29.0.jar;C:\Users\riva\.m2\repository\com\google\api\grpc\proto-google-cloud-texttospeech-v1beta1\0.21.0\proto-google-cloud-texttospeech-v1beta1-0.21.0.jar;C:\Users\riva\.m2\repository\com\google\api\grpc\proto-google-cloud-texttospeech-v1\0.21.0\proto-google-cloud-texttospeech-v1-0.21.0.jar;C:\Users\riva\.m2\repository\io\grpc\grpc-netty-shaded\1.13.1\grpc-netty-shaded-1.13.1.jar;C:\Users\riva\.m2\repository\io\grpc\grpc-core\1.13.1\grpc-core-1.13.1.jar;C:\Users\riva\.m2\repository\io\opencensus\opencensus-api\0.12.3\opencensus-api-0.12.3.jar;C:\Users\riva\.m2\repository\io\opencensus\opencensus-contrib-grpc-metrics\0.12.3\opencensus-contrib-grpc-metrics-0.12.3.jar;C:\Users\riva\.m2\repository\io\grpc\grpc-stub\1.13.1\grpc-stub-1.13.1.jar;C:\Users\riva\.m2\repository\io\grpc\grpc-auth\1.13.1\grpc-auth-1.13.1.jar;C:\Users\riva\.m2\repository\org\junit\jupiter\junit-jupiter-api\5.2.0\junit-jupiter-api-5.2.0.jar;C:\Users\riva\.m2\repository\org\apiguardian\apiguardian-api\1.0.0\apiguardian-api-1.0.0.jar;C:\Users\riva\.m2\repository\org\opentest4j\opentest4j\1.1.0\opentest4j-1.1.0.jar;C:\Users\riva\.m2\repository\org\junit\platform\junit-platform-commons\1.2.0\junit-platform-commons-1.2.0.jar;C:\Users\riva\.m2\repository\postgresql\postgresql\9.0-801.jdbc4\postgresql-9.0-801.jdbc4.jar;C:\Users\riva\.m2\repository\org\json\json\20180813\json-20180813.jar;"/>
    <property name="java.vm.vendor" value="Oracle Corporation"/>
    <property name="sun.arch.data.model" value="64"/>
    <property name="user.variant" value=""/>
    <property name="java.vendor.url" value="http://java.oracle.com/"/>
    <property name="user.timezone" value="America/New_York"/>
    <property name="java.vm.specification.version" value="1.8"/>
    <property name="os.name" value="Windows 10"/>
    <property name="user.country" value="US"/>
    <property name="sun.java.launcher" value="SUN_STANDARD"/>
    <property name="sun.boot.library.path" value="C:\Program Files\Java\jdk1.8.0_191\jre\bin"/>
    <property name="sun.java.command" value="C:\Users\riva\AppData\Local\Temp\surefire6049132265941605221\surefirebooter2120300903157076182.jar C:\Users\riva\AppData\Local\Temp\surefire6049132265941605221 2018-12-14T12-41-25_142-jvmRun1 surefire6569563989625403494tmp surefire_07286752965434836785tmp"/>
    <property name="surefire.test.class.path" value="C:\Users\riva\Documents\git\ada\target\test-classes;C:\Users\riva\Documents\git\ada\target\classes;C:\Users\riva\.m2\repository\org\apache\maven\plugins\maven-jxr-plugin\3.0.0\maven-jxr-plugin-3.0.0.jar;C:\Users\riva\.m2\repository\org\apache\maven\maven-jxr\3.0.0\maven-jxr-3.0.0.jar;C:\Users\riva\.m2\repository\org\apache\velocity\velocity\1.5\velocity-1.5.jar;C:\Users\riva\.m2\repository\oro\oro\2.0.8\oro-2.0.8.jar;C:\Users\riva\.m2\repository\commons-lang\commons-lang\2.6\commons-lang-2.6.jar;C:\Users\riva\.m2\repository\org\apache\maven\maven-plugin-api\3.0\maven-plugin-api-3.0.jar;C:\Users\riva\.m2\repository\org\sonatype\sisu\sisu-inject-plexus\1.4.2\sisu-inject-plexus-1.4.2.jar;C:\Users\riva\.m2\repository\org\sonatype\sisu\sisu-inject-bean\1.4.2\sisu-inject-bean-1.4.2.jar;C:\Users\riva\.m2\repository\org\sonatype\sisu\sisu-guice\2.1.7\sisu-guice-2.1.7-noaop.jar;C:\Users\riva\.m2\repository\org\apache\maven\maven-artifact\3.0\maven-artifact-3.0.jar;C:\Users\riva\.m2\repository\org\apache\maven\maven-core\3.0\maven-core-3.0.jar;C:\Users\riva\.m2\repository\org\apache\maven\maven-settings\3.0\maven-settings-3.0.jar;C:\Users\riva\.m2\repository\org\apache\maven\maven-settings-builder\3.0\maven-settings-builder-3.0.jar;C:\Users\riva\.m2\repository\org\apache\maven\maven-repository-metadata\3.0\maven-repository-metadata-3.0.jar;C:\Users\riva\.m2\repository\org\apache\maven\maven-model-builder\3.0\maven-model-builder-3.0.jar;C:\Users\riva\.m2\repository\org\apache\maven\maven-aether-provider\3.0\maven-aether-provider-3.0.jar;C:\Users\riva\.m2\repository\org\sonatype\aether\aether-impl\1.7\aether-impl-1.7.jar;C:\Users\riva\.m2\repository\org\sonatype\aether\aether-spi\1.7\aether-spi-1.7.jar;C:\Users\riva\.m2\repository\org\sonatype\aether\aether-api\1.7\aether-api-1.7.jar;C:\Users\riva\.m2\repository\org\sonatype\aether\aether-util\1.7\aether-util-1.7.jar;C:\Users\riva\.m2\repository\org\codehaus\plexus\plexus-interpolation\1.14\plexus-interpolation-1.14.jar;C:\Users\riva\.m2\repository\org\codehaus\plexus\plexus-classworlds\2.2.3\plexus-classworlds-2.2.3.jar;C:\Users\riva\.m2\repository\org\codehaus\plexus\plexus-component-annotations\1.5.5\plexus-component-annotations-1.5.5.jar;C:\Users\riva\.m2\repository\org\sonatype\plexus\plexus-sec-dispatcher\1.3\plexus-sec-dispatcher-1.3.jar;C:\Users\riva\.m2\repository\org\sonatype\plexus\plexus-cipher\1.4\plexus-cipher-1.4.jar;C:\Users\riva\.m2\repository\org\apache\maven\maven-model\3.0\maven-model-3.0.jar;C:\Users\riva\.m2\repository\org\apache\maven\reporting\maven-reporting-impl\3.0.0\maven-reporting-impl-3.0.0.jar;C:\Users\riva\.m2\repository\org\apache\maven\reporting\maven-reporting-api\3.0\maven-reporting-api-3.0.jar;C:\Users\riva\.m2\repository\org\apache\maven\shared\maven-shared-utils\3.2.0\maven-shared-utils-3.2.0.jar;C:\Users\riva\.m2\repository\org\apache\maven\doxia\doxia-sink-api\1.7\doxia-sink-api-1.7.jar;C:\Users\riva\.m2\repository\org\apache\maven\doxia\doxia-decoration-model\1.7.4\doxia-decoration-model-1.7.4.jar;C:\Users\riva\.m2\repository\org\apache\maven\doxia\doxia-core\1.7\doxia-core-1.7.jar;C:\Users\riva\.m2\repository\xmlunit\xmlunit\1.5\xmlunit-1.5.jar;C:\Users\riva\.m2\repository\org\apache\maven\wagon\wagon-provider-api\1.0\wagon-provider-api-1.0.jar;C:\Users\riva\.m2\repository\org\apache\maven\doxia\doxia-site-renderer\1.8\doxia-site-renderer-1.8.jar;C:\Users\riva\.m2\repository\org\apache\maven\doxia\doxia-logging-api\1.8\doxia-logging-api-1.8.jar;C:\Users\riva\.m2\repository\org\apache\maven\doxia\doxia-skin-model\1.8\doxia-skin-model-1.8.jar;C:\Users\riva\.m2\repository\org\apache\maven\doxia\doxia-module-xhtml\1.8\doxia-module-xhtml-1.8.jar;C:\Users\riva\.m2\repository\org\codehaus\plexus\plexus-i18n\1.0-beta-7\plexus-i18n-1.0-beta-7.jar;C:\Users\riva\.m2\repository\org\codehaus\plexus\plexus-container-default\1.0-alpha-30\plexus-container-default-1.0-alpha-30.jar;C:\Users\riva\.m2\repository\org\codehaus\plexus\plexus-velocity\1.2\plexus-velocity-1.2.jar;C:\Users\riva\.m2\repository\org\apache\velocity\velocity-tools\2.0\velocity-tools-2.0.jar;C:\Users\riva\.m2\repository\commons-beanutils\commons-beanutils\1.7.0\commons-beanutils-1.7.0.jar;C:\Users\riva\.m2\repository\commons-digester\commons-digester\1.8\commons-digester-1.8.jar;C:\Users\riva\.m2\repository\commons-chain\commons-chain\1.1\commons-chain-1.1.jar;C:\Users\riva\.m2\repository\commons-validator\commons-validator\1.3.1\commons-validator-1.3.1.jar;C:\Users\riva\.m2\repository\dom4j\dom4j\1.1\dom4j-1.1.jar;C:\Users\riva\.m2\repository\sslext\sslext\1.2-0\sslext-1.2-0.jar;C:\Users\riva\.m2\repository\org\apache\struts\struts-core\1.3.8\struts-core-1.3.8.jar;C:\Users\riva\.m2\repository\antlr\antlr\2.7.2\antlr-2.7.2.jar;C:\Users\riva\.m2\repository\org\apache\struts\struts-taglib\1.3.8\struts-taglib-1.3.8.jar;C:\Users\riva\.m2\repository\org\apache\struts\struts-tiles\1.3.8\struts-tiles-1.3.8.jar;C:\Users\riva\.m2\repository\commons-collections\commons-collections\3.2.1\commons-collections-3.2.1.jar;C:\Users\riva\.m2\repository\org\apache\commons\commons-lang3\3.5\commons-lang3-3.5.jar;C:\Users\riva\.m2\repository\org\codehaus\plexus\plexus-java\0.9.8\plexus-java-0.9.8.jar;C:\Users\riva\.m2\repository\org\ow2\asm\asm\6.1.1\asm-6.1.1.jar;C:\Users\riva\.m2\repository\com\thoughtworks\qdox\qdox\2.0-M7\qdox-2.0-M7.jar;C:\Users\riva\.m2\repository\org\codehaus\plexus\plexus-utils\3.1.0\plexus-utils-3.1.0.jar;C:\Users\riva\.m2\repository\xml-apis\xml-apis\1.0.b2\xml-apis-1.0.b2.jar;C:\Users\riva\.m2\repository\xalan\xalan\2.7.0\xalan-2.7.0.jar;C:\Users\riva\.m2\repository\junit\junit\4.12\junit-4.12.jar;C:\Users\riva\.m2\repository\org\hamcrest\hamcrest-core\1.3\hamcrest-core-1.3.jar;C:\Users\riva\.m2\repository\org\powermock\powermock-api-mockito2\1.7.0\powermock-api-mockito2-1.7.0.jar;C:\Users\riva\.m2\repository\org\powermock\powermock-api-mockito-common\1.7.0\powermock-api-mockito-common-1.7.0.jar;C:\Users\riva\.m2\repository\org\powermock\powermock-api-support\1.7.0\powermock-api-support-1.7.0.jar;C:\Users\riva\.m2\repository\org\powermock\powermock-reflect\1.7.0\powermock-reflect-1.7.0.jar;C:\Users\riva\.m2\repository\org\powermock\powermock-core\1.7.0\powermock-core-1.7.0.jar;C:\Users\riva\.m2\repository\org\javassist\javassist\3.21.0-GA\javassist-3.21.0-GA.jar;C:\Users\riva\.m2\repository\org\mockito\mockito-core\2.8.9\mockito-core-2.8.9.jar;C:\Users\riva\.m2\repository\org\objenesis\objenesis\2.5\objenesis-2.5.jar;C:\Users\riva\.m2\repository\net\bytebuddy\byte-buddy\1.8.16\byte-buddy-1.8.16.jar;C:\Users\riva\.m2\repository\net\bytebuddy\byte-buddy-agent\1.8.16\byte-buddy-agent-1.8.16.jar;C:\Users\riva\.m2\repository\org\assertj\assertj-core\3.11.1\assertj-core-3.11.1.jar;C:\Users\riva\.m2\repository\commons-io\commons-io\2.6\commons-io-2.6.jar;C:\Users\riva\.m2\repository\com\google\auto\value\auto-value-annotations\1.6.2\auto-value-annotations-1.6.2.jar;C:\Users\riva\.m2\repository\com\google\auto\value\auto-value\1.6.2\auto-value-1.6.2.jar;C:\Users\riva\.m2\repository\org\hamcrest\hamcrest-library\1.3\hamcrest-library-1.3.jar;C:\Users\riva\.m2\repository\com\google\guava\guava\24.1-jre\guava-24.1-jre.jar;C:\Users\riva\.m2\repository\com\google\code\findbugs\jsr305\1.3.9\jsr305-1.3.9.jar;C:\Users\riva\.m2\repository\org\checkerframework\checker-compat-qual\2.0.0\checker-compat-qual-2.0.0.jar;C:\Users\riva\.m2\repository\com\google\errorprone\error_prone_annotations\2.1.3\error_prone_annotations-2.1.3.jar;C:\Users\riva\.m2\repository\com\google\j2objc\j2objc-annotations\1.1\j2objc-annotations-1.1.jar;C:\Users\riva\.m2\repository\org\codehaus\mojo\animal-sniffer-annotations\1.14\animal-sniffer-annotations-1.14.jar;C:\Users\riva\.m2\repository\org\threeten\threetenbp\1.3.6\threetenbp-1.3.6.jar;C:\Users\riva\.m2\repository\com\google\http-client\google-http-client\1.22.0\google-http-client-1.22.0.jar;C:\Users\riva\.m2\repository\org\apache\httpcomponents\httpclient\4.0.1\httpclient-4.0.1.jar;C:\Users\riva\.m2\repository\org\apache\httpcomponents\httpcore\4.0.1\httpcore-4.0.1.jar;C:\Users\riva\.m2\repository\commons-logging\commons-logging\1.1.1\commons-logging-1.1.1.jar;C:\Users\riva\.m2\repository\commons-codec\commons-codec\1.3\commons-codec-1.3.jar;C:\Users\riva\.m2\repository\com\google\cloud\google-cloud-texttospeech\0.56.0-beta\google-cloud-texttospeech-0.56.0-beta.jar;C:\Users\riva\.m2\repository\com\google\cloud\google-cloud-core\1.38.0\google-cloud-core-1.38.0.jar;C:\Users\riva\.m2\repository\joda-time\joda-time\2.9.2\joda-time-2.9.2.jar;C:\Users\riva\.m2\repository\com\google\api\api-common\1.6.0\api-common-1.6.0.jar;C:\Users\riva\.m2\repository\com\google\api\gax\1.29.0\gax-1.29.0.jar;C:\Users\riva\.m2\repository\com\google\auth\google-auth-library-oauth2-http\0.9.1\google-auth-library-oauth2-http-0.9.1.jar;C:\Users\riva\.m2\repository\com\google\http-client\google-http-client-jackson2\1.19.0\google-http-client-jackson2-1.19.0.jar;C:\Users\riva\.m2\repository\com\fasterxml\jackson\core\jackson-core\2.1.3\jackson-core-2.1.3.jar;C:\Users\riva\.m2\repository\com\google\protobuf\protobuf-java-util\3.6.0\protobuf-java-util-3.6.0.jar;C:\Users\riva\.m2\repository\com\google\code\gson\gson\2.7\gson-2.7.jar;C:\Users\riva\.m2\repository\com\google\api\grpc\proto-google-common-protos\1.12.0\proto-google-common-protos-1.12.0.jar;C:\Users\riva\.m2\repository\com\google\api\grpc\proto-google-iam-v1\0.12.0\proto-google-iam-v1-0.12.0.jar;C:\Users\riva\.m2\repository\com\google\cloud\google-cloud-core-grpc\1.38.0\google-cloud-core-grpc-1.38.0.jar;C:\Users\riva\.m2\repository\com\google\auth\google-auth-library-credentials\0.10.0\google-auth-library-credentials-0.10.0.jar;C:\Users\riva\.m2\repository\com\google\protobuf\protobuf-java\3.6.0\protobuf-java-3.6.0.jar;C:\Users\riva\.m2\repository\io\grpc\grpc-protobuf\1.13.1\grpc-protobuf-1.13.1.jar;C:\Users\riva\.m2\repository\io\grpc\grpc-protobuf-lite\1.13.1\grpc-protobuf-lite-1.13.1.jar;C:\Users\riva\.m2\repository\io\grpc\grpc-context\1.13.1\grpc-context-1.13.1.jar;C:\Users\riva\.m2\repository\com\google\api\gax-grpc\1.29.0\gax-grpc-1.29.0.jar;C:\Users\riva\.m2\repository\com\google\api\grpc\proto-google-cloud-texttospeech-v1beta1\0.21.0\proto-google-cloud-texttospeech-v1beta1-0.21.0.jar;C:\Users\riva\.m2\repository\com\google\api\grpc\proto-google-cloud-texttospeech-v1\0.21.0\proto-google-cloud-texttospeech-v1-0.21.0.jar;C:\Users\riva\.m2\repository\io\grpc\grpc-netty-shaded\1.13.1\grpc-netty-shaded-1.13.1.jar;C:\Users\riva\.m2\repository\io\grpc\grpc-core\1.13.1\grpc-core-1.13.1.jar;C:\Users\riva\.m2\repository\io\opencensus\opencensus-api\0.12.3\opencensus-api-0.12.3.jar;C:\Users\riva\.m2\repository\io\opencensus\opencensus-contrib-grpc-metrics\0.12.3\opencensus-contrib-grpc-metrics-0.12.3.jar;C:\Users\riva\.m2\repository\io\grpc\grpc-stub\1.13.1\grpc-stub-1.13.1.jar;C:\Users\riva\.m2\repository\io\grpc\grpc-auth\1.13.1\grpc-auth-1.13.1.jar;C:\Users\riva\.m2\repository\org\junit\jupiter\junit-jupiter-api\5.2.0\junit-jupiter-api-5.2.0.jar;C:\Users\riva\.m2\repository\org\apiguardian\apiguardian-api\1.0.0\apiguardian-api-1.0.0.jar;C:\Users\riva\.m2\repository\org\opentest4j\opentest4j\1.1.0\opentest4j-1.1.0.jar;C:\Users\riva\.m2\repository\org\junit\platform\junit-platform-commons\1.2.0\junit-platform-commons-1.2.0.jar;C:\Users\riva\.m2\repository\postgresql\postgresql\9.0-801.jdbc4\postgresql-9.0-801.jdbc4.jar;C:\Users\riva\.m2\repository\org\json\json\20180813\json-20180813.jar;"/>
    <property name="sun.cpu.endian" value="little"/>
    <property name="user.home" value="C:\Users\riva"/>
    <property name="user.language" value="en"/>
    <property name="java.specification.vendor" value="Oracle Corporation"/>
    <property name="java.home" value="C:\Program Files\Java\jdk1.8.0_191\jre"/>
    <property name="basedir" value="C:\Users\riva\Documents\git\ada"/>
    <property name="file.separator" value="\"/>
    <property name="line.separator" value="&#10;"/>
    <property name="java.vm.specification.vendor" value="Oracle Corporation"/>
    <property name="java.specification.name" value="Java Platform API Specification"/>
    <property name="java.awt.graphicsenv" value="sun.awt.Win32GraphicsEnvironment"/>
    <property name="surefire.real.class.path" value="C:\Users\riva\AppData\Local\Temp\surefire6049132265941605221\surefirebooter2120300903157076182.jar;C:\\Users\\riva\\.m2\\repository\\org\\jacoco\\org.jacoco.agent\\0.8.2\\org.jacoco.agent-0.8.2-runtime.jar"/>
    <property name="sun.boot.class.path" value="C:\Program Files\Java\jdk1.8.0_191\jre\lib\resources.jar;C:\Program Files\Java\jdk1.8.0_191\jre\lib\rt.jar;C:\Program Files\Java\jdk1.8.0_191\jre\lib\sunrsasign.jar;C:\Program Files\Java\jdk1.8.0_191\jre\lib\jsse.jar;C:\Program Files\Java\jdk1.8.0_191\jre\lib\jce.jar;C:\Program Files\Java\jdk1.8.0_191\jre\lib\charsets.jar;C:\Program Files\Java\jdk1.8.0_191\jre\lib\jfr.jar;C:\Program Files\Java\jdk1.8.0_191\jre\classes"/>
    <property name="user.script" value=""/>
    <property name="sun.management.compiler" value="HotSpot 64-Bit Tiered Compilers"/>
    <property name="java.runtime.version" value="1.8.0_191-b12"/>
    <property name="user.name" value="riva"/>
    <property name="path.separator" value=";"/>
    <property name="os.version" value="10.0"/>
    <property name="java.endorsed.dirs" value="C:\Program Files\Java\jdk1.8.0_191\jre\lib\endorsed"/>
    <property name="java.runtime.name" value="Java(TM) SE Runtime Environment"/>
    <property name="file.encoding" value="Cp1252"/>
    <property name="java.vm.name" value="Java HotSpot(TM) 64-Bit Server VM"/>
    <property name="localRepository" value="C:\Users\riva\.m2\repository"/>
    <property name="java.vendor.url.bug" value="http://bugreport.sun.com/bugreport/"/>
    <property name="java.io.tmpdir" value="C:\Users\riva\AppData\Local\Temp\"/>
    <property name="java.version" value="1.8.0_191"/>
    <property name="user.dir" value="C:\Users\riva\Documents\git\ada"/>
    <property name="os.arch" value="amd64"/>
    <property name="java.vm.specification.name" value="Java Virtual Machine Specification"/>
    <property name="java.awt.printerjob" value="sun.awt.windows.WPrinterJob"/>
    <property name="sun.os.patch.level" value=""/>
    <property name="java.library.path" value="C:\Program Files\Java\jdk1.8.0_191\jre\bin;C:\Windows\Sun\Java\bin;C:\Windows\system32;C:\Windows;C:\Program Files\Git\mingw64\libexec\git-core;C:\Program Files\Git\mingw64\bin;C:\Program Files\Git\usr\bin;C:\Users\riva\bin;C:\Program Files (x86)\Intel\Intel(R) Management Engine Components\iCLS;C:\Program Files\Intel\Intel(R) Management Engine Components\iCLS;C:\Program Files (x86)\Common Files\Oracle\Java\javapath;C:\Windows\system32;C:\Windows;C:\Windows\System32\Wbem;C:\Windows\System32\WindowsPowerShell\v1.0;C:\Windows\System32\OpenSSH;C:\Program Files\Intel\WiFi\bin;C:\Program Files\Common Files\Intel\WirelessCommon;C:\Program Files\Git\cmd;C:\Program Files (x86)\Intel\Intel(R) Management Engine Components\DAL;C:\Program Files\Intel\Intel(R) Management Engine Components\DAL;C:\Program Files\PostgreSQL\10\bin;C:\Program Files\PostgreSQL\10\lib;C:\Ruby25-x64\bin;C:\Users\riva\AppData\Local\Microsoft\WindowsApps;C:\Program Files\Java\jdk1.8.0_191;C:\Program Files\apache-maven-3.6.0\bin;C:\Program Files\Java\jdk1.8.0_191\bin;."/>
    <property name="java.vm.info" value="mixed mode"/>
    <property name="java.vendor" value="Oracle Corporation"/>
    <property name="java.vm.version" value="25.191-b12"/>
    <property name="java.ext.dirs" value="C:\Program Files\Java\jdk1.8.0_191\jre\lib\ext;C:\Windows\Sun\Java\lib\ext"/>
    <property name="sun.io.unicode.encoding" value="UnicodeLittle"/>
    <property name="java.class.version" value="52.0"/>
  </properties>
  <testcase name="testConnectManyHostsSucceeds" classname="ada.AdaServer_Test" time="0.901"/>
  <testcase name="testIllegalArgumentPortNegativeFails" classname="ada.AdaServer_Test" time="0.071"/>
  <testcase name="testIllegalArgumentPortLowFails" classname="ada.AdaServer_Test" time="0.089"/>
  <testcase name="testIllegalArgumentPortHighFails" classname="ada.AdaServer_Test" time="0.089"/>
</testsuite>