<?xml version="1.0" encoding="UTF-8"?>
<testsuite xmlns:xsi="http://www.w3.org/2001/XMLSchema-instance" xsi:noNamespaceSchemaLocation="https://maven.apache.org/surefire/maven-surefire-plugin/xsd/surefire-test-report.xsd" name="ada.texttospeech.AdaTextToSpeechClientTest" time="0.911" tests="3" errors="0" skipped="0" failures="0">
  <properties>
    <property name="gopherProxySet" value="false"/>
    <property name="awt.toolkit" value="sun.lwawt.macosx.LWCToolkit"/>
    <property name="java.specification.version" value="11"/>
    <property name="sun.cpu.isalist" value=""/>
    <property name="sun.jnu.encoding" value="UTF-8"/>
    <property name="java.class.path" value="/Users/hugo/MEGA/Work/- Columbia/Class/2018/Fall/Advanced Software Engineering/homework/ada_group/target/test-classes:/Users/hugo/MEGA/Work/- Columbia/Class/2018/Fall/Advanced Software Engineering/homework/ada_group/target/classes:/Users/hugo/.m2/repository/org/apache/maven/plugins/maven-jxr-plugin/3.0.0/maven-jxr-plugin-3.0.0.jar:/Users/hugo/.m2/repository/org/apache/maven/maven-jxr/3.0.0/maven-jxr-3.0.0.jar:/Users/hugo/.m2/repository/org/apache/velocity/velocity/1.5/velocity-1.5.jar:/Users/hugo/.m2/repository/oro/oro/2.0.8/oro-2.0.8.jar:/Users/hugo/.m2/repository/commons-lang/commons-lang/2.6/commons-lang-2.6.jar:/Users/hugo/.m2/repository/org/apache/maven/maven-plugin-api/3.0/maven-plugin-api-3.0.jar:/Users/hugo/.m2/repository/org/sonatype/sisu/sisu-inject-plexus/1.4.2/sisu-inject-plexus-1.4.2.jar:/Users/hugo/.m2/repository/org/sonatype/sisu/sisu-inject-bean/1.4.2/sisu-inject-bean-1.4.2.jar:/Users/hugo/.m2/repository/org/sonatype/sisu/sisu-guice/2.1.7/sisu-guice-2.1.7-noaop.jar:/Users/hugo/.m2/repository/org/apache/maven/maven-artifact/3.0/maven-artifact-3.0.jar:/Users/hugo/.m2/repository/org/apache/maven/maven-core/3.0/maven-core-3.0.jar:/Users/hugo/.m2/repository/org/apache/maven/maven-settings/3.0/maven-settings-3.0.jar:/Users/hugo/.m2/repository/org/apache/maven/maven-settings-builder/3.0/maven-settings-builder-3.0.jar:/Users/hugo/.m2/repository/org/apache/maven/maven-repository-metadata/3.0/maven-repository-metadata-3.0.jar:/Users/hugo/.m2/repository/org/apache/maven/maven-model-builder/3.0/maven-model-builder-3.0.jar:/Users/hugo/.m2/repository/org/apache/maven/maven-aether-provider/3.0/maven-aether-provider-3.0.jar:/Users/hugo/.m2/repository/org/sonatype/aether/aether-impl/1.7/aether-impl-1.7.jar:/Users/hugo/.m2/repository/org/sonatype/aether/aether-spi/1.7/aether-spi-1.7.jar:/Users/hugo/.m2/repository/org/sonatype/aether/aether-api/1.7/aether-api-1.7.jar:/Users/hugo/.m2/repository/org/sonatype/aether/aether-util/1.7/aether-util-1.7.jar:/Users/hugo/.m2/repository/org/codehaus/plexus/plexus-interpolation/1.14/plexus-interpolation-1.14.jar:/Users/hugo/.m2/repository/org/codehaus/plexus/plexus-classworlds/2.2.3/plexus-classworlds-2.2.3.jar:/Users/hugo/.m2/repository/org/codehaus/plexus/plexus-component-annotations/1.5.5/plexus-component-annotations-1.5.5.jar:/Users/hugo/.m2/repository/org/sonatype/plexus/plexus-sec-dispatcher/1.3/plexus-sec-dispatcher-1.3.jar:/Users/hugo/.m2/repository/org/sonatype/plexus/plexus-cipher/1.4/plexus-cipher-1.4.jar:/Users/hugo/.m2/repository/org/apache/maven/maven-model/3.0/maven-model-3.0.jar:/Users/hugo/.m2/repository/org/apache/maven/reporting/maven-reporting-impl/3.0.0/maven-reporting-impl-3.0.0.jar:/Users/hugo/.m2/repository/org/apache/maven/reporting/maven-reporting-api/3.0/maven-reporting-api-3.0.jar:/Users/hugo/.m2/repository/org/apache/maven/shared/maven-shared-utils/3.2.0/maven-shared-utils-3.2.0.jar:/Users/hugo/.m2/repository/org/apache/maven/doxia/doxia-sink-api/1.7/doxia-sink-api-1.7.jar:/Users/hugo/.m2/repository/org/apache/maven/doxia/doxia-decoration-model/1.7.4/doxia-decoration-model-1.7.4.jar:/Users/hugo/.m2/repository/org/apache/maven/doxia/doxia-core/1.7/doxia-core-1.7.jar:/Users/hugo/.m2/repository/xmlunit/xmlunit/1.5/xmlunit-1.5.jar:/Users/hugo/.m2/repository/org/apache/maven/wagon/wagon-provider-api/1.0/wagon-provider-api-1.0.jar:/Users/hugo/.m2/repository/org/apache/maven/doxia/doxia-site-renderer/1.8/doxia-site-renderer-1.8.jar:/Users/hugo/.m2/repository/org/apache/maven/doxia/doxia-logging-api/1.8/doxia-logging-api-1.8.jar:/Users/hugo/.m2/repository/org/apache/maven/doxia/doxia-skin-model/1.8/doxia-skin-model-1.8.jar:/Users/hugo/.m2/repository/org/apache/maven/doxia/doxia-module-xhtml/1.8/doxia-module-xhtml-1.8.jar:/Users/hugo/.m2/repository/org/codehaus/plexus/plexus-i18n/1.0-beta-7/plexus-i18n-1.0-beta-7.jar:/Users/hugo/.m2/repository/org/codehaus/plexus/plexus-container-default/1.0-alpha-30/plexus-container-default-1.0-alpha-30.jar:/Users/hugo/.m2/repository/org/codehaus/plexus/plexus-velocity/1.2/plexus-velocity-1.2.jar:/Users/hugo/.m2/repository/org/apache/velocity/velocity-tools/2.0/velocity-tools-2.0.jar:/Users/hugo/.m2/repository/commons-beanutils/commons-beanutils/1.7.0/commons-beanutils-1.7.0.jar:/Users/hugo/.m2/repository/commons-digester/commons-digester/1.8/commons-digester-1.8.jar:/Users/hugo/.m2/repository/commons-chain/commons-chain/1.1/commons-chain-1.1.jar:/Users/hugo/.m2/repository/commons-validator/commons-validator/1.3.1/commons-validator-1.3.1.jar:/Users/hugo/.m2/repository/dom4j/dom4j/1.1/dom4j-1.1.jar:/Users/hugo/.m2/repository/sslext/sslext/1.2-0/sslext-1.2-0.jar:/Users/hugo/.m2/repository/org/apache/struts/struts-core/1.3.8/struts-core-1.3.8.jar:/Users/hugo/.m2/repository/antlr/antlr/2.7.2/antlr-2.7.2.jar:/Users/hugo/.m2/repository/org/apache/struts/struts-taglib/1.3.8/struts-taglib-1.3.8.jar:/Users/hugo/.m2/repository/org/apache/struts/struts-tiles/1.3.8/struts-tiles-1.3.8.jar:/Users/hugo/.m2/repository/commons-collections/commons-collections/3.2.1/commons-collections-3.2.1.jar:/Users/hugo/.m2/repository/org/apache/commons/commons-lang3/3.5/commons-lang3-3.5.jar:/Users/hugo/.m2/repository/org/codehaus/plexus/plexus-java/0.9.8/plexus-java-0.9.8.jar:/Users/hugo/.m2/repository/org/ow2/asm/asm/6.1.1/asm-6.1.1.jar:/Users/hugo/.m2/repository/com/thoughtworks/qdox/qdox/2.0-M7/qdox-2.0-M7.jar:/Users/hugo/.m2/repository/org/codehaus/plexus/plexus-utils/3.1.0/plexus-utils-3.1.0.jar:/Users/hugo/.m2/repository/xml-apis/xml-apis/1.0.b2/xml-apis-1.0.b2.jar:/Users/hugo/.m2/repository/xalan/xalan/2.7.0/xalan-2.7.0.jar:/Users/hugo/.m2/repository/junit/junit/4.12/junit-4.12.jar:/Users/hugo/.m2/repository/org/hamcrest/hamcrest-core/1.3/hamcrest-core-1.3.jar:/Users/hugo/.m2/repository/org/powermock/powermock-api-mockito2/1.7.0/powermock-api-mockito2-1.7.0.jar:/Users/hugo/.m2/repository/org/powermock/powermock-api-mockito-common/1.7.0/powermock-api-mockito-common-1.7.0.jar:/Users/hugo/.m2/repository/org/powermock/powermock-api-support/1.7.0/powermock-api-support-1.7.0.jar:/Users/hugo/.m2/repository/org/powermock/powermock-reflect/1.7.0/powermock-reflect-1.7.0.jar:/Users/hugo/.m2/repository/org/powermock/powermock-core/1.7.0/powermock-core-1.7.0.jar:/Users/hugo/.m2/repository/org/javassist/javassist/3.21.0-GA/javassist-3.21.0-GA.jar:/Users/hugo/.m2/repository/org/mockito/mockito-core/2.8.9/mockito-core-2.8.9.jar:/Users/hugo/.m2/repository/org/objenesis/objenesis/2.5/objenesis-2.5.jar:/Users/hugo/.m2/repository/net/bytebuddy/byte-buddy/1.8.16/byte-buddy-1.8.16.jar:/Users/hugo/.m2/repository/net/bytebuddy/byte-buddy-agent/1.8.16/byte-buddy-agent-1.8.16.jar:/Users/hugo/.m2/repository/org/assertj/assertj-core/3.11.1/assertj-core-3.11.1.jar:/Users/hugo/.m2/repository/commons-io/commons-io/2.6/commons-io-2.6.jar:/Users/hugo/.m2/repository/com/google/auto/value/auto-value-annotations/1.6.2/auto-value-annotations-1.6.2.jar:/Users/hugo/.m2/repository/com/google/auto/value/auto-value/1.6.2/auto-value-1.6.2.jar:/Users/hugo/.m2/repository/org/hamcrest/hamcrest-library/1.3/hamcrest-library-1.3.jar:/Users/hugo/.m2/repository/com/google/guava/guava/24.1-jre/guava-24.1-jre.jar:/Users/hugo/.m2/repository/com/google/code/findbugs/jsr305/1.3.9/jsr305-1.3.9.jar:/Users/hugo/.m2/repository/org/checkerframework/checker-compat-qual/2.0.0/checker-compat-qual-2.0.0.jar:/Users/hugo/.m2/repository/com/google/errorprone/error_prone_annotations/2.1.3/error_prone_annotations-2.1.3.jar:/Users/hugo/.m2/repository/com/google/j2objc/j2objc-annotations/1.1/j2objc-annotations-1.1.jar:/Users/hugo/.m2/repository/org/codehaus/mojo/animal-sniffer-annotations/1.14/animal-sniffer-annotations-1.14.jar:/Users/hugo/.m2/repository/org/threeten/threetenbp/1.3.6/threetenbp-1.3.6.jar:/Users/hugo/.m2/repository/com/google/http-client/google-http-client/1.22.0/google-http-client-1.22.0.jar:/Users/hugo/.m2/repository/org/apache/httpcomponents/httpclient/4.0.1/httpclient-4.0.1.jar:/Users/hugo/.m2/repository/org/apache/httpcomponents/httpcore/4.0.1/httpcore-4.0.1.jar:/Users/hugo/.m2/repository/commons-logging/commons-logging/1.1.1/commons-logging-1.1.1.jar:/Users/hugo/.m2/repository/commons-codec/commons-codec/1.3/commons-codec-1.3.jar:/Users/hugo/.m2/repository/com/google/cloud/google-cloud-texttospeech/0.56.0-beta/google-cloud-texttospeech-0.56.0-beta.jar:/Users/hugo/.m2/repository/com/google/cloud/google-cloud-core/1.38.0/google-cloud-core-1.38.0.jar:/Users/hugo/.m2/repository/joda-time/joda-time/2.9.2/joda-time-2.9.2.jar:/Users/hugo/.m2/repository/com/google/api/api-common/1.6.0/api-common-1.6.0.jar:/Users/hugo/.m2/repository/com/google/api/gax/1.29.0/gax-1.29.0.jar:/Users/hugo/.m2/repository/com/google/auth/google-auth-library-oauth2-http/0.9.1/google-auth-library-oauth2-http-0.9.1.jar:/Users/hugo/.m2/repository/com/google/http-client/google-http-client-jackson2/1.19.0/google-http-client-jackson2-1.19.0.jar:/Users/hugo/.m2/repository/com/fasterxml/jackson/core/jackson-core/2.1.3/jackson-core-2.1.3.jar:/Users/hugo/.m2/repository/com/google/protobuf/protobuf-java-util/3.6.0/protobuf-java-util-3.6.0.jar:/Users/hugo/.m2/repository/com/google/code/gson/gson/2.7/gson-2.7.jar:/Users/hugo/.m2/repository/com/google/api/grpc/proto-google-common-protos/1.12.0/proto-google-common-protos-1.12.0.jar:/Users/hugo/.m2/repository/com/google/api/grpc/proto-google-iam-v1/0.12.0/proto-google-iam-v1-0.12.0.jar:/Users/hugo/.m2/repository/com/google/cloud/google-cloud-core-grpc/1.38.0/google-cloud-core-grpc-1.38.0.jar:/Users/hugo/.m2/repository/com/google/auth/google-auth-library-credentials/0.10.0/google-auth-library-credentials-0.10.0.jar:/Users/hugo/.m2/repository/com/google/protobuf/protobuf-java/3.6.0/protobuf-java-3.6.0.jar:/Users/hugo/.m2/repository/io/grpc/grpc-protobuf/1.13.1/grpc-protobuf-1.13.1.jar:/Users/hugo/.m2/repository/io/grpc/grpc-protobuf-lite/1.13.1/grpc-protobuf-lite-1.13.1.jar:/Users/hugo/.m2/repository/io/grpc/grpc-context/1.13.1/grpc-context-1.13.1.jar:/Users/hugo/.m2/repository/com/google/api/gax-grpc/1.29.0/gax-grpc-1.29.0.jar:/Users/hugo/.m2/repository/com/google/api/grpc/proto-google-cloud-texttospeech-v1beta1/0.21.0/proto-google-cloud-texttospeech-v1beta1-0.21.0.jar:/Users/hugo/.m2/repository/com/google/api/grpc/proto-google-cloud-texttospeech-v1/0.21.0/proto-google-cloud-texttospeech-v1-0.21.0.jar:/Users/hugo/.m2/repository/io/grpc/grpc-netty-shaded/1.13.1/grpc-netty-shaded-1.13.1.jar:/Users/hugo/.m2/repository/io/grpc/grpc-core/1.13.1/grpc-core-1.13.1.jar:/Users/hugo/.m2/repository/io/opencensus/opencensus-api/0.12.3/opencensus-api-0.12.3.jar:/Users/hugo/.m2/repository/io/opencensus/opencensus-contrib-grpc-metrics/0.12.3/opencensus-contrib-grpc-metrics-0.12.3.jar:/Users/hugo/.m2/repository/io/grpc/grpc-stub/1.13.1/grpc-stub-1.13.1.jar:/Users/hugo/.m2/repository/io/grpc/grpc-auth/1.13.1/grpc-auth-1.13.1.jar:/Users/hugo/.m2/repository/org/junit/jupiter/junit-jupiter-api/5.2.0/junit-jupiter-api-5.2.0.jar:/Users/hugo/.m2/repository/org/apiguardian/apiguardian-api/1.0.0/apiguardian-api-1.0.0.jar:/Users/hugo/.m2/repository/org/opentest4j/opentest4j/1.1.0/opentest4j-1.1.0.jar:/Users/hugo/.m2/repository/org/junit/platform/junit-platform-commons/1.2.0/junit-platform-commons-1.2.0.jar:/Users/hugo/.m2/repository/postgresql/postgresql/9.0-801.jdbc4/postgresql-9.0-801.jdbc4.jar:/Users/hugo/.m2/repository/org/json/json/20180813/json-20180813.jar:"/>
    <property name="java.vm.vendor" value="Oracle Corporation"/>
    <property name="sun.arch.data.model" value="64"/>
    <property name="java.vendor.url" value="http://java.oracle.com/"/>
    <property name="user.timezone" value=""/>
    <property name="java.vm.specification.version" value="11"/>
    <property name="os.name" value="Mac OS X"/>
    <property name="sun.java.launcher" value="SUN_STANDARD"/>
    <property name="user.country" value="US"/>
    <property name="sun.boot.library.path" value="/Library/Java/JavaVirtualMachines/jdk-11.jdk/Contents/Home/lib"/>
    <property name="sun.java.command" value="/Users/hugo/MEGA/Work/- Columbia/Class/2018/Fall/Advanced Software Engineering/homework/ada_group/target/surefire/surefirebooter7630028712326113154.jar /Users/hugo/MEGA/Work/- Columbia/Class/2018/Fall/Advanced Software Engineering/homework/ada_group/target/surefire 2018-11-27T19-40-00_722-jvmRun1 surefire14040734632194184961tmp surefire_04024184401259855792tmp"/>
    <property name="http.nonProxyHosts" value="local|*.local|169.254/16|*.169.254/16"/>
    <property name="jdk.debug" value="release"/>
    <property name="surefire.test.class.path" value="/Users/hugo/MEGA/Work/- Columbia/Class/2018/Fall/Advanced Software Engineering/homework/ada_group/target/test-classes:/Users/hugo/MEGA/Work/- Columbia/Class/2018/Fall/Advanced Software Engineering/homework/ada_group/target/classes:/Users/hugo/.m2/repository/org/apache/maven/plugins/maven-jxr-plugin/3.0.0/maven-jxr-plugin-3.0.0.jar:/Users/hugo/.m2/repository/org/apache/maven/maven-jxr/3.0.0/maven-jxr-3.0.0.jar:/Users/hugo/.m2/repository/org/apache/velocity/velocity/1.5/velocity-1.5.jar:/Users/hugo/.m2/repository/oro/oro/2.0.8/oro-2.0.8.jar:/Users/hugo/.m2/repository/commons-lang/commons-lang/2.6/commons-lang-2.6.jar:/Users/hugo/.m2/repository/org/apache/maven/maven-plugin-api/3.0/maven-plugin-api-3.0.jar:/Users/hugo/.m2/repository/org/sonatype/sisu/sisu-inject-plexus/1.4.2/sisu-inject-plexus-1.4.2.jar:/Users/hugo/.m2/repository/org/sonatype/sisu/sisu-inject-bean/1.4.2/sisu-inject-bean-1.4.2.jar:/Users/hugo/.m2/repository/org/sonatype/sisu/sisu-guice/2.1.7/sisu-guice-2.1.7-noaop.jar:/Users/hugo/.m2/repository/org/apache/maven/maven-artifact/3.0/maven-artifact-3.0.jar:/Users/hugo/.m2/repository/org/apache/maven/maven-core/3.0/maven-core-3.0.jar:/Users/hugo/.m2/repository/org/apache/maven/maven-settings/3.0/maven-settings-3.0.jar:/Users/hugo/.m2/repository/org/apache/maven/maven-settings-builder/3.0/maven-settings-builder-3.0.jar:/Users/hugo/.m2/repository/org/apache/maven/maven-repository-metadata/3.0/maven-repository-metadata-3.0.jar:/Users/hugo/.m2/repository/org/apache/maven/maven-model-builder/3.0/maven-model-builder-3.0.jar:/Users/hugo/.m2/repository/org/apache/maven/maven-aether-provider/3.0/maven-aether-provider-3.0.jar:/Users/hugo/.m2/repository/org/sonatype/aether/aether-impl/1.7/aether-impl-1.7.jar:/Users/hugo/.m2/repository/org/sonatype/aether/aether-spi/1.7/aether-spi-1.7.jar:/Users/hugo/.m2/repository/org/sonatype/aether/aether-api/1.7/aether-api-1.7.jar:/Users/hugo/.m2/repository/org/sonatype/aether/aether-util/1.7/aether-util-1.7.jar:/Users/hugo/.m2/repository/org/codehaus/plexus/plexus-interpolation/1.14/plexus-interpolation-1.14.jar:/Users/hugo/.m2/repository/org/codehaus/plexus/plexus-classworlds/2.2.3/plexus-classworlds-2.2.3.jar:/Users/hugo/.m2/repository/org/codehaus/plexus/plexus-component-annotations/1.5.5/plexus-component-annotations-1.5.5.jar:/Users/hugo/.m2/repository/org/sonatype/plexus/plexus-sec-dispatcher/1.3/plexus-sec-dispatcher-1.3.jar:/Users/hugo/.m2/repository/org/sonatype/plexus/plexus-cipher/1.4/plexus-cipher-1.4.jar:/Users/hugo/.m2/repository/org/apache/maven/maven-model/3.0/maven-model-3.0.jar:/Users/hugo/.m2/repository/org/apache/maven/reporting/maven-reporting-impl/3.0.0/maven-reporting-impl-3.0.0.jar:/Users/hugo/.m2/repository/org/apache/maven/reporting/maven-reporting-api/3.0/maven-reporting-api-3.0.jar:/Users/hugo/.m2/repository/org/apache/maven/shared/maven-shared-utils/3.2.0/maven-shared-utils-3.2.0.jar:/Users/hugo/.m2/repository/org/apache/maven/doxia/doxia-sink-api/1.7/doxia-sink-api-1.7.jar:/Users/hugo/.m2/repository/org/apache/maven/doxia/doxia-decoration-model/1.7.4/doxia-decoration-model-1.7.4.jar:/Users/hugo/.m2/repository/org/apache/maven/doxia/doxia-core/1.7/doxia-core-1.7.jar:/Users/hugo/.m2/repository/xmlunit/xmlunit/1.5/xmlunit-1.5.jar:/Users/hugo/.m2/repository/org/apache/maven/wagon/wagon-provider-api/1.0/wagon-provider-api-1.0.jar:/Users/hugo/.m2/repository/org/apache/maven/doxia/doxia-site-renderer/1.8/doxia-site-renderer-1.8.jar:/Users/hugo/.m2/repository/org/apache/maven/doxia/doxia-logging-api/1.8/doxia-logging-api-1.8.jar:/Users/hugo/.m2/repository/org/apache/maven/doxia/doxia-skin-model/1.8/doxia-skin-model-1.8.jar:/Users/hugo/.m2/repository/org/apache/maven/doxia/doxia-module-xhtml/1.8/doxia-module-xhtml-1.8.jar:/Users/hugo/.m2/repository/org/codehaus/plexus/plexus-i18n/1.0-beta-7/plexus-i18n-1.0-beta-7.jar:/Users/hugo/.m2/repository/org/codehaus/plexus/plexus-container-default/1.0-alpha-30/plexus-container-default-1.0-alpha-30.jar:/Users/hugo/.m2/repository/org/codehaus/plexus/plexus-velocity/1.2/plexus-velocity-1.2.jar:/Users/hugo/.m2/repository/org/apache/velocity/velocity-tools/2.0/velocity-tools-2.0.jar:/Users/hugo/.m2/repository/commons-beanutils/commons-beanutils/1.7.0/commons-beanutils-1.7.0.jar:/Users/hugo/.m2/repository/commons-digester/commons-digester/1.8/commons-digester-1.8.jar:/Users/hugo/.m2/repository/commons-chain/commons-chain/1.1/commons-chain-1.1.jar:/Users/hugo/.m2/repository/commons-validator/commons-validator/1.3.1/commons-validator-1.3.1.jar:/Users/hugo/.m2/repository/dom4j/dom4j/1.1/dom4j-1.1.jar:/Users/hugo/.m2/repository/sslext/sslext/1.2-0/sslext-1.2-0.jar:/Users/hugo/.m2/repository/org/apache/struts/struts-core/1.3.8/struts-core-1.3.8.jar:/Users/hugo/.m2/repository/antlr/antlr/2.7.2/antlr-2.7.2.jar:/Users/hugo/.m2/repository/org/apache/struts/struts-taglib/1.3.8/struts-taglib-1.3.8.jar:/Users/hugo/.m2/repository/org/apache/struts/struts-tiles/1.3.8/struts-tiles-1.3.8.jar:/Users/hugo/.m2/repository/commons-collections/commons-collections/3.2.1/commons-collections-3.2.1.jar:/Users/hugo/.m2/repository/org/apache/commons/commons-lang3/3.5/commons-lang3-3.5.jar:/Users/hugo/.m2/repository/org/codehaus/plexus/plexus-java/0.9.8/plexus-java-0.9.8.jar:/Users/hugo/.m2/repository/org/ow2/asm/asm/6.1.1/asm-6.1.1.jar:/Users/hugo/.m2/repository/com/thoughtworks/qdox/qdox/2.0-M7/qdox-2.0-M7.jar:/Users/hugo/.m2/repository/org/codehaus/plexus/plexus-utils/3.1.0/plexus-utils-3.1.0.jar:/Users/hugo/.m2/repository/xml-apis/xml-apis/1.0.b2/xml-apis-1.0.b2.jar:/Users/hugo/.m2/repository/xalan/xalan/2.7.0/xalan-2.7.0.jar:/Users/hugo/.m2/repository/junit/junit/4.12/junit-4.12.jar:/Users/hugo/.m2/repository/org/hamcrest/hamcrest-core/1.3/hamcrest-core-1.3.jar:/Users/hugo/.m2/repository/org/powermock/powermock-api-mockito2/1.7.0/powermock-api-mockito2-1.7.0.jar:/Users/hugo/.m2/repository/org/powermock/powermock-api-mockito-common/1.7.0/powermock-api-mockito-common-1.7.0.jar:/Users/hugo/.m2/repository/org/powermock/powermock-api-support/1.7.0/powermock-api-support-1.7.0.jar:/Users/hugo/.m2/repository/org/powermock/powermock-reflect/1.7.0/powermock-reflect-1.7.0.jar:/Users/hugo/.m2/repository/org/powermock/powermock-core/1.7.0/powermock-core-1.7.0.jar:/Users/hugo/.m2/repository/org/javassist/javassist/3.21.0-GA/javassist-3.21.0-GA.jar:/Users/hugo/.m2/repository/org/mockito/mockito-core/2.8.9/mockito-core-2.8.9.jar:/Users/hugo/.m2/repository/org/objenesis/objenesis/2.5/objenesis-2.5.jar:/Users/hugo/.m2/repository/net/bytebuddy/byte-buddy/1.8.16/byte-buddy-1.8.16.jar:/Users/hugo/.m2/repository/net/bytebuddy/byte-buddy-agent/1.8.16/byte-buddy-agent-1.8.16.jar:/Users/hugo/.m2/repository/org/assertj/assertj-core/3.11.1/assertj-core-3.11.1.jar:/Users/hugo/.m2/repository/commons-io/commons-io/2.6/commons-io-2.6.jar:/Users/hugo/.m2/repository/com/google/auto/value/auto-value-annotations/1.6.2/auto-value-annotations-1.6.2.jar:/Users/hugo/.m2/repository/com/google/auto/value/auto-value/1.6.2/auto-value-1.6.2.jar:/Users/hugo/.m2/repository/org/hamcrest/hamcrest-library/1.3/hamcrest-library-1.3.jar:/Users/hugo/.m2/repository/com/google/guava/guava/24.1-jre/guava-24.1-jre.jar:/Users/hugo/.m2/repository/com/google/code/findbugs/jsr305/1.3.9/jsr305-1.3.9.jar:/Users/hugo/.m2/repository/org/checkerframework/checker-compat-qual/2.0.0/checker-compat-qual-2.0.0.jar:/Users/hugo/.m2/repository/com/google/errorprone/error_prone_annotations/2.1.3/error_prone_annotations-2.1.3.jar:/Users/hugo/.m2/repository/com/google/j2objc/j2objc-annotations/1.1/j2objc-annotations-1.1.jar:/Users/hugo/.m2/repository/org/codehaus/mojo/animal-sniffer-annotations/1.14/animal-sniffer-annotations-1.14.jar:/Users/hugo/.m2/repository/org/threeten/threetenbp/1.3.6/threetenbp-1.3.6.jar:/Users/hugo/.m2/repository/com/google/http-client/google-http-client/1.22.0/google-http-client-1.22.0.jar:/Users/hugo/.m2/repository/org/apache/httpcomponents/httpclient/4.0.1/httpclient-4.0.1.jar:/Users/hugo/.m2/repository/org/apache/httpcomponents/httpcore/4.0.1/httpcore-4.0.1.jar:/Users/hugo/.m2/repository/commons-logging/commons-logging/1.1.1/commons-logging-1.1.1.jar:/Users/hugo/.m2/repository/commons-codec/commons-codec/1.3/commons-codec-1.3.jar:/Users/hugo/.m2/repository/com/google/cloud/google-cloud-texttospeech/0.56.0-beta/google-cloud-texttospeech-0.56.0-beta.jar:/Users/hugo/.m2/repository/com/google/cloud/google-cloud-core/1.38.0/google-cloud-core-1.38.0.jar:/Users/hugo/.m2/repository/joda-time/joda-time/2.9.2/joda-time-2.9.2.jar:/Users/hugo/.m2/repository/com/google/api/api-common/1.6.0/api-common-1.6.0.jar:/Users/hugo/.m2/repository/com/google/api/gax/1.29.0/gax-1.29.0.jar:/Users/hugo/.m2/repository/com/google/auth/google-auth-library-oauth2-http/0.9.1/google-auth-library-oauth2-http-0.9.1.jar:/Users/hugo/.m2/repository/com/google/http-client/google-http-client-jackson2/1.19.0/google-http-client-jackson2-1.19.0.jar:/Users/hugo/.m2/repository/com/fasterxml/jackson/core/jackson-core/2.1.3/jackson-core-2.1.3.jar:/Users/hugo/.m2/repository/com/google/protobuf/protobuf-java-util/3.6.0/protobuf-java-util-3.6.0.jar:/Users/hugo/.m2/repository/com/google/code/gson/gson/2.7/gson-2.7.jar:/Users/hugo/.m2/repository/com/google/api/grpc/proto-google-common-protos/1.12.0/proto-google-common-protos-1.12.0.jar:/Users/hugo/.m2/repository/com/google/api/grpc/proto-google-iam-v1/0.12.0/proto-google-iam-v1-0.12.0.jar:/Users/hugo/.m2/repository/com/google/cloud/google-cloud-core-grpc/1.38.0/google-cloud-core-grpc-1.38.0.jar:/Users/hugo/.m2/repository/com/google/auth/google-auth-library-credentials/0.10.0/google-auth-library-credentials-0.10.0.jar:/Users/hugo/.m2/repository/com/google/protobuf/protobuf-java/3.6.0/protobuf-java-3.6.0.jar:/Users/hugo/.m2/repository/io/grpc/grpc-protobuf/1.13.1/grpc-protobuf-1.13.1.jar:/Users/hugo/.m2/repository/io/grpc/grpc-protobuf-lite/1.13.1/grpc-protobuf-lite-1.13.1.jar:/Users/hugo/.m2/repository/io/grpc/grpc-context/1.13.1/grpc-context-1.13.1.jar:/Users/hugo/.m2/repository/com/google/api/gax-grpc/1.29.0/gax-grpc-1.29.0.jar:/Users/hugo/.m2/repository/com/google/api/grpc/proto-google-cloud-texttospeech-v1beta1/0.21.0/proto-google-cloud-texttospeech-v1beta1-0.21.0.jar:/Users/hugo/.m2/repository/com/google/api/grpc/proto-google-cloud-texttospeech-v1/0.21.0/proto-google-cloud-texttospeech-v1-0.21.0.jar:/Users/hugo/.m2/repository/io/grpc/grpc-netty-shaded/1.13.1/grpc-netty-shaded-1.13.1.jar:/Users/hugo/.m2/repository/io/grpc/grpc-core/1.13.1/grpc-core-1.13.1.jar:/Users/hugo/.m2/repository/io/opencensus/opencensus-api/0.12.3/opencensus-api-0.12.3.jar:/Users/hugo/.m2/repository/io/opencensus/opencensus-contrib-grpc-metrics/0.12.3/opencensus-contrib-grpc-metrics-0.12.3.jar:/Users/hugo/.m2/repository/io/grpc/grpc-stub/1.13.1/grpc-stub-1.13.1.jar:/Users/hugo/.m2/repository/io/grpc/grpc-auth/1.13.1/grpc-auth-1.13.1.jar:/Users/hugo/.m2/repository/org/junit/jupiter/junit-jupiter-api/5.2.0/junit-jupiter-api-5.2.0.jar:/Users/hugo/.m2/repository/org/apiguardian/apiguardian-api/1.0.0/apiguardian-api-1.0.0.jar:/Users/hugo/.m2/repository/org/opentest4j/opentest4j/1.1.0/opentest4j-1.1.0.jar:/Users/hugo/.m2/repository/org/junit/platform/junit-platform-commons/1.2.0/junit-platform-commons-1.2.0.jar:/Users/hugo/.m2/repository/postgresql/postgresql/9.0-801.jdbc4/postgresql-9.0-801.jdbc4.jar:/Users/hugo/.m2/repository/org/json/json/20180813/json-20180813.jar:"/>
    <property name="sun.cpu.endian" value="little"/>
    <property name="user.home" value="/Users/hugo"/>
    <property name="user.language" value="en"/>
    <property name="java.specification.vendor" value="Oracle Corporation"/>
    <property name="java.version.date" value="2018-09-25"/>
    <property name="java.home" value="/Library/Java/JavaVirtualMachines/jdk-11.jdk/Contents/Home"/>
    <property name="file.separator" value="/"/>
    <property name="basedir" value="/Users/hugo/MEGA/Work/- Columbia/Class/2018/Fall/Advanced Software Engineering/homework/ada_group"/>
    <property name="java.vm.compressedOopsMode" value="Zero based"/>
    <property name="line.separator" value="&#10;"/>
    <property name="java.specification.name" value="Java Platform API Specification"/>
    <property name="java.vm.specification.vendor" value="Oracle Corporation"/>
    <property name="java.awt.graphicsenv" value="sun.awt.CGraphicsEnvironment"/>
    <property name="surefire.real.class.path" value="/Users/hugo/MEGA/Work/- Columbia/Class/2018/Fall/Advanced Software Engineering/homework/ada_group/target/surefire/surefirebooter7630028712326113154.jar"/>
    <property name="sun.management.compiler" value="HotSpot 64-Bit Tiered Compilers"/>
    <property name="ftp.nonProxyHosts" value="local|*.local|169.254/16|*.169.254/16"/>
    <property name="java.runtime.version" value="11+28"/>
    <property name="user.name" value="hugo"/>
    <property name="path.separator" value=":"/>
    <property name="os.version" value="10.14.1"/>
    <property name="java.runtime.name" value="Java(TM) SE Runtime Environment"/>
    <property name="file.encoding" value="UTF-8"/>
    <property name="java.vm.name" value="Java HotSpot(TM) 64-Bit Server VM"/>
    <property name="java.vendor.version" value="18.9"/>
    <property name="localRepository" value="/Users/hugo/.m2/repository"/>
    <property name="java.vendor.url.bug" value="http://bugreport.java.com/bugreport/"/>
    <property name="java.io.tmpdir" value="/var/folders/9q/z36cs7y53d59bpmhzd1_pkz40000gn/T/"/>
    <property name="idea.version" value="2018.2.6"/>
    <property name="java.version" value="11"/>
    <property name="user.dir" value="/Users/hugo/MEGA/Work/- Columbia/Class/2018/Fall/Advanced Software Engineering/homework/ada_group"/>
    <property name="os.arch" value="x86_64"/>
    <property name="java.vm.specification.name" value="Java Virtual Machine Specification"/>
    <property name="java.awt.printerjob" value="sun.lwawt.macosx.CPrinterJob"/>
    <property name="sun.os.patch.level" value="unknown"/>
    <property name="java.library.path" value="/Users/hugo/Library/Java/Extensions:/Library/Java/Extensions:/Network/Library/Java/Extensions:/System/Library/Java/Extensions:/usr/lib/java:."/>
    <property name="java.vendor" value="Oracle Corporation"/>
    <property name="java.vm.info" value="mixed mode"/>
    <property name="java.vm.version" value="11+28"/>
    <property name="sun.io.unicode.encoding" value="UnicodeBig"/>
    <property name="java.class.version" value="55.0"/>
    <property name="socksNonProxyHosts" value="local|*.local|169.254/16|*.169.254/16"/>
  </properties>
  <testcase name="getAudio_nullInput_isEmpty" classname="ada.texttospeech.AdaTextToSpeechClientTest" time="0.151"/>
  <testcase name="getAudio_invalidAudio_isEmpty" classname="ada.texttospeech.AdaTextToSpeechClientTest" time="0.019"/>
  <testcase name="getAudio_validAudio_Succeeds" classname="ada.texttospeech.AdaTextToSpeechClientTest" time="0.006"/>
</testsuite>